<?xml version="1.0" encoding="UTF-8"?>
<testsuite xmlns:xsi="http://www.w3.org/2001/XMLSchema-instance" xsi:noNamespaceSchemaLocation="https://maven.apache.org/surefire/maven-surefire-plugin/xsd/surefire-test-report-3.0.xsd" version="3.0" name="edu.nu.owaspapivulnlab.AdditionalSecurityExpectationsTests" time="9.331" tests="8" errors="0" skipped="0" failures="0">
  <properties>
[...]
</properties>
  <testcase name="testAccessControl" classname="edu.nu.owaspapivulnlab.AdditionalSecurityExpectationsTests" time="0.654">
    <system-out><![CDATA[18:02:36.663 [main] INFO org.springframework.test.context.support.AnnotationConfigContextLoaderUtils -- Could not detect default configuration classes for test class [edu.nu.owaspapivulnlab.AdditionalSecurityExpectationsTests]: AdditionalSecurityExpectationsTests does not declare any static, non-private, non-final, nested classes annotated with @Configuration.
18:02:36.828 [main] INFO org.springframework.boot.test.context.SpringBootTestContextBootstrapper -- Found @SpringBootConfiguration edu.nu.owaspapivulnlab.OwaspApiVulnLabApplication for test class edu.nu.owaspapivulnlab.AdditionalSecurityExpectationsTests

  .   ____          _            __ _ _
 /\\ / ___'_ __ _ _(_)_ __  __ _ \ \ \ \
( ( )\___ | '_ | '_| | '_ \/ _` | \ \ \ \
 \\/  ___)| |_)| | | | | || (_| |  ) ) ) )
  '  |____| .__|_| |_|_| |_\__, | / / / /
 =========|_|==============|___/=/_/_/_/

 :: Spring Boot ::                (v3.3.4)

2025-10-26 18:02:37 - e.n.o.AdditionalSecurityExpectationsTests - INFO - Starting AdditionalSecurityExpectationsTests using Java 21.0.8 with PID 22832 (started by idree in D:\SSD\A3\owasp-api-vuln-lab-assignment-03\owasp-api-vuln-lab)
2025-10-26 18:02:37 - e.n.o.AdditionalSecurityExpectationsTests - INFO - The following 1 profile is active: "test"
2025-10-26 18:02:38 - o.s.d.r.c.RepositoryConfigurationDelegate - INFO - Bootstrapping Spring Data JPA repositories in DEFAULT mode.
2025-10-26 18:02:38 - o.s.d.r.c.RepositoryConfigurationDelegate - INFO - Finished Spring Data repository scanning in 74 ms. Found 2 JPA repository interfaces.
2025-10-26 18:02:38 - o.s.c.s.PostProcessorRegistrationDelegate$BeanPostProcessorChecker - WARN - Bean 'validationConfig' of type [edu.nu.owaspapivulnlab.config.ValidationConfig$$SpringCGLIB$$0] is not eligible for getting processed by all BeanPostProcessors (for example: not eligible for auto-proxying). The currently created BeanPostProcessor [methodValidationPostProcessor] is declared through a non-static factory method on that class; consider declaring it as static instead.
2025-10-26 18:02:39 - o.h.jpa.internal.util.LogHelper - INFO - HHH000204: Processing PersistenceUnitInfo [name: default]
2025-10-26 18:02:39 - org.hibernate.Version - INFO - HHH000412: Hibernate ORM core version 6.5.3.Final
2025-10-26 18:02:39 - o.h.c.i.RegionFactoryInitiator - INFO - HHH000026: Second-level cache disabled
2025-10-26 18:02:39 - o.s.o.j.p.SpringPersistenceUnitInfo - INFO - No LoadTimeWeaver setup: ignoring JPA class transformer
2025-10-26 18:02:39 - com.zaxxer.hikari.HikariDataSource - INFO - HikariPool-1 - Starting...
2025-10-26 18:02:40 - com.zaxxer.hikari.pool.HikariPool - INFO - HikariPool-1 - Added connection conn0: url=jdbc:h2:mem:apilab user=SA
2025-10-26 18:02:40 - com.zaxxer.hikari.HikariDataSource - INFO - HikariPool-1 - Start completed.
2025-10-26 18:02:41 - o.h.e.t.j.p.i.JtaPlatformInitiator - INFO - HHH000489: No JTA platform available (set 'hibernate.transaction.jta.platform' to enable JTA platform integration)
2025-10-26 18:02:41 - o.s.o.j.LocalContainerEntityManagerFactoryBean - INFO - Initialized JPA EntityManagerFactory for persistence unit 'default'
2025-10-26 18:02:41 - o.s.d.j.r.query.QueryEnhancerFactory - INFO - Hibernate is in classpath; If applicable, HQL parser will be used.
2025-10-26 18:02:42 - o.s.b.a.o.j.JpaBaseConfiguration$JpaWebConfiguration - WARN - spring.jpa.open-in-view is enabled by default. Therefore, database queries may be performed during view rendering. Explicitly configure spring.jpa.open-in-view to disable this warning
2025-10-26 18:02:42 - o.s.b.a.s.s.UserDetailsServiceAutoConfiguration - WARN - 

Using generated security password: 1c897862-2f66-43ca-82c8-a7eff2add4a9

This generated password is for development use only. Your security configuration must be updated before running your application in production.

2025-10-26 18:02:43 - o.s.b.a.h.H2ConsoleAutoConfiguration - INFO - H2 console available at '/h2-console'. Database available at 'jdbc:h2:mem:apilab'
2025-10-26 18:02:43 - o.s.b.t.m.w.SpringBootMockServletContext - INFO - Initializing Spring TestDispatcherServlet ''
2025-10-26 18:02:43 - o.s.t.w.s.TestDispatcherServlet - INFO - Initializing Servlet ''
2025-10-26 18:02:43 - o.s.t.w.s.TestDispatcherServlet - INFO - Completed initialization in 4 ms
2025-10-26 18:02:43 - e.n.o.AdditionalSecurityExpectationsTests - INFO - Started AdditionalSecurityExpectationsTests in 6.241 seconds (process running for 7.569)
]]></system-out>
    <system-err><![CDATA[WARNING: A Java agent has been loaded dynamically (C:\Users\idree\.m2\repository\net\bytebuddy\byte-buddy-agent\1.14.19\byte-buddy-agent-1.14.19.jar)
WARNING: If a serviceability tool is in use, please run with -XX:+EnableDynamicAgentLoading to hide this warning
WARNING: If a serviceability tool is not in use, please run with -Djdk.instrument.traceUsage for more information
WARNING: Dynamic loading of agents will be disallowed by default in a future release
]]></system-err>
  </testcase>
  <testcase name="testInputValidation" classname="edu.nu.owaspapivulnlab.AdditionalSecurityExpectationsTests" time="0.136">
    <system-out><![CDATA[2025-10-26 18:02:44 - e.n.o.web.GlobalErrorHandler - WARN - Validation error occurred: {password=Password must be at least 8 characters, username=Username must be between 3 and 50 characters}
2025-10-26 18:02:44 - e.n.o.web.GlobalErrorHandler - WARN - Validation error occurred: {password=Password must contain at least one uppercase letter, one lowercase letter, and one number}
2025-10-26 18:02:44 - e.n.o.web.GlobalErrorHandler - WARN - Validation error occurred: {password=Password must be at least 8 characters, email=Email should be valid}
]]></system-out>
  </testcase>
  <testcase name="testPasswordHashing" classname="edu.nu.owaspapivulnlab.AdditionalSecurityExpectationsTests" time="0.204"/>
  <testcase name="testMassAssignmentPrevention" classname="edu.nu.owaspapivulnlab.AdditionalSecurityExpectationsTests" time="0.228">
    <system-out><![CDATA[2025-10-26 18:02:44 - e.n.o.web.AuthController - INFO - Successful login for user: hacker from IP: 127.0.0.1
]]></system-out>
  </testcase>
  <testcase name="testLoginRateLimiting" classname="edu.nu.owaspapivulnlab.AdditionalSecurityExpectationsTests" time="0.346">
    <system-out><![CDATA[2025-10-26 18:02:44 - e.n.o.web.AuthController - WARN - Failed login attempt for username: nonexistent from IP: 127.0.0.1
2025-10-26 18:02:45 - e.n.o.web.AuthController - WARN - Failed login attempt for username: nonexistent from IP: 127.0.0.1
2025-10-26 18:02:45 - e.n.o.web.AuthController - WARN - Failed login attempt for username: nonexistent from IP: 127.0.0.1
Login endpoint security verified with status codes: [401]
]]></system-out>
  </testcase>
  <testcase name="testDataExposureControl" classname="edu.nu.owaspapivulnlab.AdditionalSecurityExpectationsTests" time="0.102">
    <system-out><![CDATA[2025-10-26 18:02:45 - e.n.o.web.AuthController - INFO - Successful login for user: alice from IP: 127.0.0.1
]]></system-out>
  </testcase>
  <testcase name="testUserDataOwnership" classname="edu.nu.owaspapivulnlab.AdditionalSecurityExpectationsTests" time="0.338">
    <system-out><![CDATA[2025-10-26 18:02:45 - e.n.o.web.AuthController - INFO - Successful login for user: user1 from IP: 127.0.0.1
2025-10-26 18:02:45 - e.n.o.web.AuthController - INFO - Successful login for user: user2 from IP: 127.0.0.1
2025-10-26 18:02:45 - e.n.o.web.UserController - WARN - Unauthorized access attempt - User: user1 tried to access user ID: 2 from IP: 127.0.0.1
]]></system-out>
  </testcase>
  <testcase name="testJwtSecurity" classname="edu.nu.owaspapivulnlab.AdditionalSecurityExpectationsTests" time="0.089">
    <system-out><![CDATA[2025-10-26 18:02:45 - e.n.o.web.AuthController - INFO - Successful login for user: alice from IP: 127.0.0.1
]]></system-out>
  </testcase>
</testsuite>